Determining if the pthread_create exist failed with the following output:
Change Dir: /home/chas/catkin_chas/build/CMakeFiles/CMakeTmp

Run Build Command:/usr/bin/make "cmTryCompileExec1498450174/fast"
/usr/bin/make -f CMakeFiles/cmTryCompileExec1498450174.dir/build.make CMakeFiles/cmTryCompileExec1498450174.dir/build
make[1]: Entering directory `/home/chas/catkin_chas/build/CMakeFiles/CMakeTmp'
/usr/bin/cmake -E cmake_progress_report /home/chas/catkin_chas/build/CMakeFiles/CMakeTmp/CMakeFiles 1
Building C object CMakeFiles/cmTryCompileExec1498450174.dir/CheckSymbolExists.c.o
/usr/bin/cc    -o CMakeFiles/cmTryCompileExec1498450174.dir/CheckSymbolExists.c.o   -c /home/chas/catkin_chas/build/CMakeFiles/CMakeTmp/CheckSymbolExists.c
Linking C executable cmTryCompileExec1498450174
/usr/bin/cmake -E cmake_link_script CMakeFiles/cmTryCompileExec1498450174.dir/link.txt --verbose=1
/usr/bin/cc       CMakeFiles/cmTryCompileExec1498450174.dir/CheckSymbolExists.c.o  -o cmTryCompileExec1498450174 -rdynamic 
CMakeFiles/cmTryCompileExec1498450174.dir/CheckSymbolExists.c.o: In function `main':
CheckSymbolExists.c:(.text+0xe): undefined reference to `pthread_create'
CheckSymbolExists.c:(.text+0x12): undefined reference to `pthread_create'
collect2: error: ld returned 1 exit status
make[1]: Leaving directory `/home/chas/catkin_chas/build/CMakeFiles/CMakeTmp'
make[1]: *** [cmTryCompileExec1498450174] Error 1
make: *** [cmTryCompileExec1498450174/fast] Error 2

File /home/chas/catkin_chas/build/CMakeFiles/CMakeTmp/CheckSymbolExists.c:
/* */
#include <pthread.h>

int main(int argc, char** argv)
{
  (void)argv;
#ifndef pthread_create
  return ((int*)(&pthread_create))[argc];
#else
  (void)argc;
  return 0;
#endif
}

Determining if the function pthread_create exists in the pthreads failed with the following output:
Change Dir: /home/chas/catkin_chas/build/CMakeFiles/CMakeTmp

Run Build Command:/usr/bin/make "cmTryCompileExec3092601670/fast"
/usr/bin/make -f CMakeFiles/cmTryCompileExec3092601670.dir/build.make CMakeFiles/cmTryCompileExec3092601670.dir/build
make[1]: Entering directory `/home/chas/catkin_chas/build/CMakeFiles/CMakeTmp'
/usr/bin/cmake -E cmake_progress_report /home/chas/catkin_chas/build/CMakeFiles/CMakeTmp/CMakeFiles 1
Building C object CMakeFiles/cmTryCompileExec3092601670.dir/CheckFunctionExists.c.o
/usr/bin/cc   -DCHECK_FUNCTION_EXISTS=pthread_create   -o CMakeFiles/cmTryCompileExec3092601670.dir/CheckFunctionExists.c.o   -c /usr/share/cmake-2.8/Modules/CheckFunctionExists.c
Linking C executable cmTryCompileExec3092601670
/usr/bin/cmake -E cmake_link_script CMakeFiles/cmTryCompileExec3092601670.dir/link.txt --verbose=1
/usr/bin/cc   -DCHECK_FUNCTION_EXISTS=pthread_create    CMakeFiles/cmTryCompileExec3092601670.dir/CheckFunctionExists.c.o  -o cmTryCompileExec3092601670 -rdynamic -lpthreads 
/usr/bin/ld: cannot find -lpthreads
collect2: error: ld returned 1 exit status
make[1]: Leaving directory `/home/chas/catkin_chas/build/CMakeFiles/CMakeTmp'
make[1]: *** [cmTryCompileExec3092601670] Error 1
make: *** [cmTryCompileExec3092601670/fast] Error 2


